# JRE version: Java(TM) SE Runtime Environment (8.0_271-b09) (build 1.8.0_271-b09)
# Java VM: Java HotSpot(TM) 64-Bit Server VM (25.271-b09 mixed mode windows-amd64 compressed oops)
Heap:
 PSYoungGen      total 124416K, used 62903K [0x00000000d8c00000, 0x00000000e0e00000, 0x0000000100000000)
  eden space 117760K, 53% used [0x00000000d8c00000,0x00000000dc96dfc0,0x00000000dff00000)
  from space 6656K, 0% used [0x00000000e0780000,0x00000000e0780000,0x00000000e0e00000)
  to   space 7680K, 0% used [0x00000000dff00000,0x00000000dff00000,0x00000000e0680000)
 ParOldGen       total 56320K, used 13096K [0x000000008a400000, 0x000000008db00000, 0x00000000d8c00000)
  object space 56320K, 23% used [0x000000008a400000,0x000000008b0ca348,0x000000008db00000)
 Metaspace       used 36776K, capacity 39018K, committed 39168K, reserved 1083392K
  class space    used 4945K, capacity 5370K, committed 5376K, reserved 1048576K
GC Heap History (10 events):
Event: 2.707 GC heap before
{Heap before GC invocations=8 (full 1):
 PSYoungGen      total 68608K, used 61440K [0x00000000d8c00000, 0x00000000dd700000, 0x0000000100000000)
  eden space 61440K, 100% used [0x00000000d8c00000,0x00000000dc800000,0x00000000dc800000)
  from space 7168K, 0% used [0x00000000dd000000,0x00000000dd000000,0x00000000dd700000)
  to   space 7680K, 0% used [0x00000000dc800000,0x00000000dc800000,0x00000000dcf80000)
 ParOldGen       total 40960K, used 4845K [0x000000008a400000, 0x000000008cc00000, 0x00000000d8c00000)
  object space 40960K, 11% used [0x000000008a400000,0x000000008a8bb4b0,0x000000008cc00000)
 Metaspace       used 23029K, capacity 24370K, committed 24704K, reserved 1071104K
  class space    used 3111K, capacity 3408K, committed 3456K, reserved 1048576K
Event: 2.710 GC heap after
Heap after GC invocations=8 (full 1):
 PSYoungGen      total 69120K, used 4987K [0x00000000d8c00000, 0x00000000e0f00000, 0x0000000100000000)
  eden space 61440K, 0% used [0x00000000d8c00000,0x00000000d8c00000,0x00000000dc800000)
  from space 7680K, 64% used [0x00000000dc800000,0x00000000dccdee70,0x00000000dcf80000)
  to   space 7680K, 0% used [0x00000000e0780000,0x00000000e0780000,0x00000000e0f00000)
 ParOldGen       total 40960K, used 4853K [0x000000008a400000, 0x000000008cc00000, 0x00000000d8c00000)
  object space 40960K, 11% used [0x000000008a400000,0x000000008a8bd4b0,0x000000008cc00000)
 Metaspace       used 23029K, capacity 24370K, committed 24704K, reserved 1071104K
  class space    used 3111K, capacity 3408K, committed 3456K, reserved 1048576K
}
Event: 2.849 GC heap before
{Heap before GC invocations=9 (full 1):
 PSYoungGen      total 69120K, used 66427K [0x00000000d8c00000, 0x00000000e0f00000, 0x0000000100000000)
  eden space 61440K, 100% used [0x00000000d8c00000,0x00000000dc800000,0x00000000dc800000)
  from space 7680K, 64% used [0x00000000dc800000,0x00000000dccdee70,0x00000000dcf80000)
  to   space 7680K, 0% used [0x00000000e0780000,0x00000000e0780000,0x00000000e0f00000)
 ParOldGen       total 40960K, used 4853K [0x000000008a400000, 0x000000008cc00000, 0x00000000d8c00000)
  object space 40960K, 11% used [0x000000008a400000,0x000000008a8bd4b0,0x000000008cc00000)
 Metaspace       used 25967K, capacity 27374K, committed 27648K, reserved 1073152K
  class space    used 3422K, capacity 3718K, committed 3840K, reserved 1048576K
Event: 2.852 GC heap after
Heap after GC invocations=9 (full 1):
 PSYoungGen      total 124416K, used 6067K [0x00000000d8c00000, 0x00000000e0e00000, 0x0000000100000000)
  eden space 117760K, 0% used [0x00000000d8c00000,0x00000000d8c00000,0x00000000dff00000)
  from space 6656K, 91% used [0x00000000e0780000,0x00000000e0d6ceb8,0x00000000e0e00000)
  to   space 7680K, 0% used [0x00000000dff00000,0x00000000dff00000,0x00000000e0680000)
 ParOldGen       total 40960K, used 4861K [0x000000008a400000, 0x000000008cc00000, 0x00000000d8c00000)
  object space 40960K, 11% used [0x000000008a400000,0x000000008a8bf4b0,0x000000008cc00000)
 Metaspace       used 25967K, capacity 27374K, committed 27648K, reserved 1073152K
  class space    used 3422K, capacity 3718K, committed 3840K, reserved 1048576K
}
Event: 4.004 GC heap before
{Heap before GC invocations=10 (full 1):
 PSYoungGen      total 124416K, used 123827K [0x00000000d8c00000, 0x00000000e0e00000, 0x0000000100000000)
  eden space 117760K, 100% used [0x00000000d8c00000,0x00000000dff00000,0x00000000dff00000)
  from space 6656K, 91% used [0x00000000e0780000,0x00000000e0d6ceb8,0x00000000e0e00000)
  to   space 7680K, 0% used [0x00000000dff00000,0x00000000dff00000,0x00000000e0680000)
 ParOldGen       total 40960K, used 4861K [0x000000008a400000, 0x000000008cc00000, 0x00000000d8c00000)
  object space 40960K, 11% used [0x000000008a400000,0x000000008a8bf4b0,0x000000008cc00000)
 Metaspace       used 31824K, capacity 33796K, committed 34048K, reserved 1079296K
  class space    used 4252K, capacity 4601K, committed 4608K, reserved 1048576K
Event: 4.011 GC heap after
Heap after GC invocations=10 (full 1):
 PSYoungGen      total 125440K, used 7677K [0x00000000d8c00000, 0x00000000e0e00000, 0x0000000100000000)
  eden space 117760K, 0% used [0x00000000d8c00000,0x00000000d8c00000,0x00000000dff00000)
  from space 7680K, 99% used [0x00000000dff00000,0x00000000e067f620,0x00000000e0680000)
  to   space 6656K, 0% used [0x00000000e0780000,0x00000000e0780000,0x00000000e0e00000)
 ParOldGen       total 40960K, used 8601K [0x000000008a400000, 0x000000008cc00000, 0x00000000d8c00000)
  object space 40960K, 20% used [0x000000008a400000,0x000000008ac66500,0x000000008cc00000)
 Metaspace       used 31824K, capacity 33796K, committed 34048K, reserved 1079296K
  class space    used 4252K, capacity 4601K, committed 4608K, reserved 1048576K
}
Event: 4.334 GC heap before
{Heap before GC invocations=11 (full 1):
 PSYoungGen      total 125440K, used 57380K [0x00000000d8c00000, 0x00000000e0e00000, 0x0000000100000000)
  eden space 117760K, 42% used [0x00000000d8c00000,0x00000000dbc89c70,0x00000000dff00000)
  from space 7680K, 99% used [0x00000000dff00000,0x00000000e067f620,0x00000000e0680000)
  to   space 6656K, 0% used [0x00000000e0780000,0x00000000e0780000,0x00000000e0e00000)
 ParOldGen       total 40960K, used 8601K [0x000000008a400000, 0x000000008cc00000, 0x00000000d8c00000)
  object space 40960K, 20% used [0x000000008a400000,0x000000008ac66500,0x000000008cc00000)
 Metaspace       used 33392K, capacity 35474K, committed 35496K, reserved 1079296K
  class space    used 4464K, capacity 4852K, committed 4864K, reserved 1048576K
Event: 4.338 GC heap after
Heap after GC invocations=11 (full 1):
 PSYoungGen      total 124416K, used 6373K [0x00000000d8c00000, 0x00000000e0e00000, 0x0000000100000000)
  eden space 117760K, 0% used [0x00000000d8c00000,0x00000000d8c00000,0x00000000dff00000)
  from space 6656K, 95% used [0x00000000e0780000,0x00000000e0db97e8,0x00000000e0e00000)
  to   space 7680K, 0% used [0x00000000dff00000,0x00000000dff00000,0x00000000e0680000)
 ParOldGen       total 40960K, used 10884K [0x000000008a400000, 0x000000008cc00000, 0x00000000d8c00000)
  object space 40960K, 26% used [0x000000008a400000,0x000000008aea1320,0x000000008cc00000)
 Metaspace       used 33392K, capacity 35474K, committed 35496K, reserved 1079296K
  class space    used 4464K, capacity 4852K, committed 4864K, reserved 1048576K
}
Event: 4.338 GC heap before
{Heap before GC invocations=12 (full 2):
 PSYoungGen      total 124416K, used 6373K [0x00000000d8c00000, 0x00000000e0e00000, 0x0000000100000000)
  eden space 117760K, 0% used [0x00000000d8c00000,0x00000000d8c00000,0x00000000dff00000)
  from space 6656K, 95% used [0x00000000e0780000,0x00000000e0db97e8,0x00000000e0e00000)
  to   space 7680K, 0% used [0x00000000dff00000,0x00000000dff00000,0x00000000e0680000)
 ParOldGen       total 40960K, used 10884K [0x000000008a400000, 0x000000008cc00000, 0x00000000d8c00000)
  object space 40960K, 26% used [0x000000008a400000,0x000000008aea1320,0x000000008cc00000)
 Metaspace       used 33392K, capacity 35474K, committed 35496K, reserved 1079296K
  class space    used 4464K, capacity 4852K, committed 4864K, reserved 1048576K
Event: 4.370 GC heap after
Heap after GC invocations=12 (full 2):
 PSYoungGen      total 124416K, used 0K [0x00000000d8c00000, 0x00000000e0e00000, 0x0000000100000000)
  eden space 117760K, 0% used [0x00000000d8c00000,0x00000000d8c00000,0x00000000dff00000)
  from space 6656K, 0% used [0x00000000e0780000,0x00000000e0780000,0x00000000e0e00000)
  to   space 7680K, 0% used [0x00000000dff00000,0x00000000dff00000,0x00000000e0680000)
 ParOldGen       total 56320K, used 13096K [0x000000008a400000, 0x000000008db00000, 0x00000000d8c00000)
  object space 56320K, 23% used [0x000000008a400000,0x000000008b0ca348,0x000000008db00000)
 Metaspace       used 33392K, capacity 35474K, committed 35496K, reserved 1079296K
  class space    used 4464K, capacity 4852K, committed 4864K, reserved 1048576K
}

